12:25:03  INFO      =======================================================
12:25:03  INFO      Старт  04.03.2026 12:25
12:25:03  INFO      =======================================================
12:25:03  INFO      Считано товаров: 1
12:25:03  INFO      [1/5]  Z257998PG001  —  tpro.by
12:25:06  INFO        ✓ 527.00 р.
12:25:08  INFO      [2/5]  Z257998PG001  —  7745.by
12:25:10  INFO        ✗ HTTP 403
12:25:12  INFO      [3/5]  Z257998PG001  —  voltra.by
12:25:13  INFO        ✗ HTTP 403
12:25:15  INFO      [4/5]  Z257998PG001  —  21vek.by
12:25:17  INFO        ✓ 655.00 р.
12:25:19  INFO      [5/5]  Z257998PG001  —  amd.by
12:25:20  INFO        ✗ HTTP 403
12:25:22  INFO      CSV: результаты.csv
12:25:22  INFO      HTML: результаты.html
12:25:22  INFO      ✅ Дешевле: 0  🔴 Дороже: 2  ⚠️ Ошибок: 3
12:35:18  INFO      =======================================================
12:35:18  INFO      Старт  04.03.2026 12:35
12:35:18  INFO      =======================================================
12:35:18  INFO      Считано товаров: 1
12:35:18  INFO      [1/5]  Z257998PG001  —  tpro.by
12:35:19  INFO        ✓ 527.00 р.
12:35:21  INFO      [2/5]  Z257998PG001  —  7745.by
12:35:22  WARNING     ✗ HTTP 403
12:35:24  INFO      [3/5]  Z257998PG001  —  voltra.by
12:35:25  WARNING     ✗ HTTP 403
12:35:27  INFO      [4/5]  Z257998PG001  —  21vek.by
12:35:28  INFO        ✓ 655.00 р.
12:35:30  INFO      [5/5]  Z257998PG001  —  amd.by
12:35:31  WARNING     ✗ HTTP 403
12:35:33  INFO      CSV: результаты.csv
12:35:33  INFO      HTML: результаты.html
12:35:33  INFO      ✅ Дешевле: 0  🔴 Дороже: 2  ⚠️ Ошибок: 3
12:39:30  INFO      =======================================================
12:39:30  INFO      Старт  04.03.2026 12:39
12:39:30  INFO      =======================================================
12:39:30  INFO      Считано товаров: 1
12:39:30  INFO      [1/5]  Z257998PG001  —  tpro.by
12:39:31  INFO        ✓ 527.00 р.
12:39:33  INFO      [2/5]  Z257998PG001  —  7745.by
12:39:33  WARNING     ✗ HTTP 403
12:39:35  INFO      [3/5]  Z257998PG001  —  voltra.by
12:39:36  WARNING     ✗ HTTP 403
12:39:38  INFO      [4/5]  Z257998PG001  —  21vek.by
12:39:39  INFO        ✓ 655.00 р.
12:39:41  INFO      [5/5]  Z257998PG001  —  amd.by
12:39:42  WARNING     ✗ HTTP 403
12:39:44  INFO      CSV: результаты.csv
12:39:44  INFO      HTML: результаты.html
12:39:44  INFO      ✅ Дешевле: 0  🔴 Дороже: 2  ⚠️ Ошибок: 3
06:57:55  INFO      =======================================================
06:57:55  INFO      Старт  05.03.2026 06:57
06:57:55  INFO      =======================================================
06:57:55  INFO      Считано товаров: 1
06:57:55  INFO      [1/5]  Z257998PG001  —  tpro.by
06:57:57  INFO        ✓ 527.00 р.
06:57:59  INFO      [2/5]  Z257998PG001  —  7745.by
06:57:59  WARNING     ✗ HTTP 403
06:58:01  INFO      [3/5]  Z257998PG001  —  voltra.by
06:58:02  WARNING     ✗ HTTP 403
06:58:04  INFO      [4/5]  Z257998PG001  —  21vek.by
06:58:09  INFO        ✓ 655.00 р.
06:58:11  INFO      [5/5]  Z257998PG001  —  amd.by
06:58:11  WARNING     ✗ HTTP 403
06:58:13  INFO      CSV: результаты.csv
06:58:13  INFO      HTML: результаты.html
06:58:13  INFO      ✅ Дешевле: 0  🔴 Дороже: 2  ⚠️ Ошибок: 3
07:06:50  INFO      =======================================================
07:06:50  INFO      Старт  05.03.2026 07:06
07:06:50  INFO      =======================================================
07:06:50  INFO      Считано товаров: 1
07:06:50  INFO      [1/5]  Z257998PG001  —  tpro.by
07:06:52  INFO        ✓ 527.00 р.
07:06:54  INFO      [2/5]  Z257998PG001  —  7745.by
07:06:54  INFO      Warm-up: https://7745.by
07:06:55  WARNING     ✗ Цена не найдена
07:06:57  INFO      [3/5]  Z257998PG001  —  voltra.by
07:06:58  WARNING     ✗ HTTP 403
07:07:00  INFO      [4/5]  Z257998PG001  —  21vek.by
07:07:02  INFO        ✓ 655.00 р.
07:07:04  INFO      [5/5]  Z257998PG001  —  amd.by
07:07:04  INFO      Warm-up: https://www.amd.by
07:07:06  WARNING     ✗ Цена не найдена
07:07:08  INFO      CSV: результаты.csv
07:07:08  INFO      HTML: результаты.html
07:07:08  INFO      ✅ Дешевле: 0  🔴 Дороже: 2  ⚠️ Ошибок: 3
07:11:17  INFO      =======================================================
07:11:17  INFO      Старт  05.03.2026 07:11
07:11:17  INFO      =======================================================
07:11:17  INFO      Считано товаров: 1
07:11:17  INFO      [1/5]  Z257998PG001  —  tpro.by
07:11:19  INFO        ✓ 527.00 р.
07:11:21  INFO      [2/5]  Z257998PG001  —  7745.by
07:11:21  INFO      Warm-up: https://7745.by
07:11:22  WARNING     ✗ Цена не найдена
07:11:24  INFO      [3/5]  Z257998PG001  —  voltra.by
07:11:25  WARNING     ✗ HTTP 403
07:11:27  INFO      [4/5]  Z257998PG001  —  21vek.by
07:11:30  INFO        ✓ 655.00 р.
07:11:32  INFO      [5/5]  Z257998PG001  —  amd.by
07:11:32  INFO      Warm-up: https://www.amd.by
07:11:33  WARNING     ✗ Цена не найдена
07:11:35  INFO      CSV: результаты.csv
07:11:35  INFO      HTML: результаты.html
07:11:35  INFO      ✅ Дешевле: 0  🔴 Дороже: 2  ⚠️ Ошибок: 3
07:14:45  INFO      =======================================================
07:14:45  INFO      Старт  05.03.2026 07:14
07:14:45  INFO      =======================================================
07:14:45  INFO      Считано товаров: 1
07:14:45  INFO      [1/5]  Z257998PG001  —  tpro.by
07:14:47  INFO        ✓ 527.00 р.
07:14:49  INFO      [2/5]  Z257998PG001  —  7745.by
07:14:49  INFO      Warm-up: https://7745.by
07:14:51  WARNING     ✗ Цена не найдена
07:14:53  INFO      [3/5]  Z257998PG001  —  voltra.by
07:14:53  WARNING     ✗ HTTP 403
07:14:55  INFO      [4/5]  Z257998PG001  —  21vek.by
07:14:58  INFO        ✓ 655.00 р.
07:15:00  INFO      [5/5]  Z257998PG001  —  amd.by
07:15:00  INFO      Warm-up: https://www.amd.by
07:15:01  WARNING     ✗ Цена не найдена
07:15:03  INFO      CSV: результаты.csv
07:15:03  INFO      HTML: результаты.html
07:15:03  INFO      ✅ Дешевле: 0  🔴 Дороже: 2  ⚠️ Ошибок: 3
